<?xml version="1.0" encoding="UTF-8"?>
<beans xmlns:xsi="http://www.w3.org/2001/XMLSchema-instance"
       xmlns:jdbc="http://www.springframework.org/schema/jdbc"
       xmlns="http://www.springframework.org/schema/beans"
       xsi:schemaLocation="http://www.springframework.org/schema/beans
       http://www.springframework.org/schema/beans/spring-beans.xsd
        http://www.springframework.org/schema/jdbc
  http://www.springframework.org/schema/jdbc/spring-jdbc.xsd">

<bean name="datasource" class="org.springframework.jdbc.datasource.DriverManagerDataSource">
    <property name="driverClassName" value="org.h2.Driver"/>
    <property name="url" value="jdbc:h2:mem:test_db;DB_CLOSE_DELAY=-1"/>
    <property name="username" value="sa"/>
    <property name="password" value=""/>
</bean>
<jdbc:initialize-database data-source="datasource">
    <jdbc:script location="create-tables.sql"/>
    <jdbc:script location="data-script.sql"/>
</jdbc:initialize-database>

</beans>