<?xml version="1.0" encoding="UTF-8"?>
<beans xmlns:xsi="http://www.w3.org/2001/XMLSchema-instance"
       xmlns="http://www.springframework.org/schema/beans"
       xsi:schemaLocation="http://www.springframework.org/schema/beans
       http://www.springframework.org/schema/beans/spring-beans.xsd">
    <bean id="namedParameterJdbcTemplate" class="org.springframework.jdbc.core.namedparam.NamedParameterJdbcTemplate">
        <constructor-arg name="dataSource" ref="dataSource"/>
    </bean>

    <bean id="transactionManager" class="org.springframework.jdbc.datasource.DataSourceTransactionManager">
        <property name="dataSource" ref="dataSource"/>
    </bean>

    <bean name="groupDao" class="com.epam.brest.dao.GroupDaoImpl">
        <property name="namedParameterJdbcTemplate" ref="namedParameterJdbcTemplate"/>
    </bean>
    <bean name="studentDao" class="com.epam.brest.dao.StudentDaoImpl">
        <property name="namedParameterJdbcTemplate" ref="namedParameterJdbcTemplate"/>
    </bean>

</beans>